<?xml version="1.0" encoding="UTF-8"?>
<testng-results ignored="0" total="1" passed="1" failed="0" skipped="0">
  <reporter-output>
  </reporter-output>
  <suite started-at="2024-09-23T04:55:52 VET" name="Default suite" finished-at="2024-09-23T04:58:02 VET" duration-ms="129986">
    <groups>
    </groups>
    <test started-at="2024-09-23T04:55:52 VET" name="Default test" finished-at="2024-09-23T04:58:02 VET" duration-ms="129986">
      <class name="automationBoa.TestBoa">
        <test-method is-config="true" signature="before()[pri:0, instance:automationBoa.TestBoa@233795b6]" started-at="2024-09-23T04:55:52 VET" name="before" finished-at="2024-09-23T04:56:05 VET" duration-ms="13550" status="PASS">
          <reporter-output>
          </reporter-output>
        </test-method> <!-- before -->
        <test-method signature="test()[pri:0, instance:automationBoa.TestBoa@233795b6]" started-at="2024-09-23T04:56:05 VET" name="test" finished-at="2024-09-23T04:58:01 VET" duration-ms="116353" status="PASS">
          <reporter-output>
          </reporter-output>
        </test-method> <!-- test -->
        <test-method is-config="true" signature="after()[pri:0, instance:automationBoa.TestBoa@233795b6]" started-at="2024-09-23T04:58:02 VET" name="after" finished-at="2024-09-23T04:58:02 VET" duration-ms="1" status="PASS">
          <reporter-output>
          </reporter-output>
        </test-method> <!-- after -->
      </class> <!-- automationBoa.TestBoa -->
    </test> <!-- Default test -->
  </suite> <!-- Default suite -->
</testng-results>
